<?xml version="1.0" encoding="UTF-8"?>
<!-- Generated by org.testng.reporters.JUnitXMLReporter -->
<testsuite ignored="0" hostname="DESKTOP-LLLGMOJ" failures="0" tests="6" name="PetTests" time="16.684" errors="0" timestamp="2024-02-11T08:30:59 IST">
  <testcase classname="api.testcase.UserTestWithExcel" name="testPostUser" time="5.858"/>
  <testcase classname="api.testcase.UserTestWithExcel" name="testPostUser" time="1.547"/>
  <testcase classname="api.testcase.UserTestWithExcel" name="testPostUser" time="1.496"/>
  <testcase classname="api.testcase.UserTestWithExcel" name="testDeleteUser" time="1.555"/>
  <testcase classname="api.testcase.UserTestWithExcel" name="testDeleteUser" time="1.473"/>
  <testcase classname="api.testcase.UserTestWithExcel" name="testDeleteUser" time="1.502"/>
</testsuite> <!-- PetTests -->
