<?xml version="1.0" encoding="UTF-8"?>
<testng-results skipped="0" failed="0" ignored="0" total="1" passed="1">
  <reporter-output>
  </reporter-output>
  <suite name="Default suite" duration-ms="119" started-at="2024-02-08T09:07:06 IST" finished-at="2024-02-08T09:07:06 IST">
    <groups>
    </groups>
    <test name="Default test" duration-ms="119" started-at="2024-02-08T09:07:06 IST" finished-at="2024-02-08T09:07:06 IST">
      <class name="jsonexamples.ReadJsonFile2">
        <test-method status="PASS" signature="testCase1()[pri:0, instance:jsonexamples.ReadJsonFile2@400cff1a]" name="testCase1" duration-ms="29" started-at="2024-02-08T09:07:06 IST" finished-at="2024-02-08T09:07:06 IST">
          <reporter-output>
          </reporter-output>
        </test-method> <!-- testCase1 -->
      </class> <!-- jsonexamples.ReadJsonFile2 -->
    </test> <!-- Default test -->
  </suite> <!-- Default suite -->
</testng-results>
