<?xml version="1.0" encoding="UTF-8"?>
<!-- Generated by org.testng.reporters.JUnitXMLReporter -->
<testsuite ignored="0" hostname="DESKTOP-LLLGMOJ" failures="0" tests="6" name="Default test" time="18.211" errors="0" timestamp="2024-02-11T08:28:36 IST">
  <testcase classname="api.testcase.UserTestWithExcel" name="testPostUser" time="7.28"/>
  <testcase classname="api.testcase.UserTestWithExcel" name="testPostUser" time="1.519"/>
  <testcase classname="api.testcase.UserTestWithExcel" name="testPostUser" time="1.542"/>
  <testcase classname="api.testcase.UserTestWithExcel" name="testDeleteUser" time="1.529"/>
  <testcase classname="api.testcase.UserTestWithExcel" name="testDeleteUser" time="1.478"/>
  <testcase classname="api.testcase.UserTestWithExcel" name="testDeleteUser" time="1.522"/>
</testsuite> <!-- Default test -->
